Arguments: 
  c:\nodejs\node.exe C:\Program Files (x86)\Yarn\bin\yarn.js add @scaffs/scaffs --dev

PATH: 
  C:\Program Files (x86)\Common Files\Oracle\Java\javapath;C:\CA\PEC\bin;C:\ProgramData\Oracle\Java\javapath;C:\Windows\system32;C:\Windows;C:\Windows\System32\Wbem;C:\Windows\System32\WindowsPowerShell\v1.0\;C:/java/jdk1.8.0_77\bin;C:\Program Files (x86)\Denemo\usr\bin;C:\paolo\path;c:\nodejs;C:\Program Files\Git\bin;C:\Program Files (x86)\Yarn\bin;C:\Program Files (x86)\Skype\Phone\;C:\nodejs\;C:\Program Files (x86)\CA\AllFusion Harvest Change Manager;C:\Program Files (x86)\Subversion\bin;C:\java\maven323\bin;C:\xampp\apache\bin;C:\Program Files\Intel\WiFi\bin\;C:\Program Files\Common Files\Intel\WirelessCommon\;C:\Users\a135631\AppData\Local\atom\bin;C:\Users\a135631\AppData\Local\Yarn\bin;C:\Users\a135631\AppData\Local\Programs\Fiddler;C:\Program Files\Microsoft VS Code\bin;C:\Users\a135631\AppData\Roaming\npm;C:\Users\a135631\AppData\Local\Programs\Microsoft VS Code\bin

Yarn version: 
  0.27.5

Node version: 
  8.9.4

Platform: 
  win32 x64

npm manifest: 
  {
    "devDependencies": {
      "@scaffs/angular": "^1.0.2"
    }
  }

yarn manifest: 
  No manifest

Lockfile: 
  # THIS IS AN AUTOGENERATED FILE. DO NOT EDIT THIS FILE DIRECTLY.
  # yarn lockfile v1
  
  
  "@scaffs/angular@^1.0.2":
    version "1.0.2"
    resolved "https://registry.yarnpkg.com/@scaffs/angular/-/angular-1.0.2.tgz#0b70aa578ec3680d0df2bc8322740a895dcd259c"

Trace: 
  Error: https://registry.yarnpkg.com/@scaffs%2fscaffs: Not found
      at Request.params.callback [as _callback] (C:\Program Files (x86)\Yarn\lib\yarn-cli.js:58200:18)
      at Request.self.callback (C:\Program Files (x86)\Yarn\lib\yarn-cli.js:114242:22)
      at emitTwo (events.js:126:13)
      at Request.emit (events.js:214:7)
      at Request.<anonymous> (C:\Program Files (x86)\Yarn\lib\yarn-cli.js:115225:10)
      at emitOne (events.js:116:13)
      at Request.emit (events.js:211:7)
      at IncomingMessage.<anonymous> (C:\Program Files (x86)\Yarn\lib\yarn-cli.js:115145:12)
      at Object.onceWrapper (events.js:313:30)
      at emitNone (events.js:111:20)
