{"message":"starting MS_ENG_EXAMPLE","level":"info","service":"MS_ENG_EXAMPLE"}
{"message":"service started on http://oidc-servizio1/6000","level":"info","service":"MS_ENG_EXAMPLE"}
{"message":"STARTED!!!","level":"info","service":"MS_ENG_EXAMPLE"}
{"message":"starting MS_ENG_EXAMPLE","level":"info","service":"MS_ENG_EXAMPLE"}
{"message":"service started on http://oidc-servizio1/6000","level":"info","service":"MS_ENG_EXAMPLE"}
{"message":"STARTED!!!","level":"info","service":"MS_ENG_EXAMPLE"}
{"message":"starting MS_ENG_EXAMPLE","level":"info","service":"MS_ENG_EXAMPLE"}
{"message":"service started on http://oidc-servizio1/6000","level":"info","service":"MS_ENG_EXAMPLE"}
{"message":"STARTED!!!","level":"info","service":"MS_ENG_EXAMPLE"}
{"message":"starting MS_ENG_EXAMPLE","level":"info","service":"MS_ENG_EXAMPLE"}
{"message":"service started on http://oidc-servizio1/6000","level":"info","service":"MS_ENG_EXAMPLE"}
{"message":"STARTED!!!","level":"info","service":"MS_ENG_EXAMPLE"}
{"message":"starting MS_ESERVIZIO1","level":"info","service":"MS_ESERVIZIO1"}
{"message":"service started on http://oidc-servizio1/6000","level":"info","service":"MS_ESERVIZIO1"}
{"message":"STARTED!!!","level":"info","service":"MS_ESERVIZIO1"}
{"message":"starting MS_ESERVIZIO1","level":"info","service":"MS_ESERVIZIO1"}
{"message":"service started on http://oidc-servizio1/6000","level":"info","service":"MS_ESERVIZIO1"}
{"message":"STARTED!!!","level":"info","service":"MS_ESERVIZIO1"}
{"message":"starting MS_ESERVIZIO1","level":"info","service":"MS_ESERVIZIO1"}
{"message":"service started on http://oidc-servizio1/6000","level":"info","service":"MS_ESERVIZIO1"}
{"message":"STARTED!!!","level":"info","service":"MS_ESERVIZIO1"}
{"message":"starting MS_ESERVIZIO1","level":"info","service":"MS_ESERVIZIO1"}
{"message":"service started on http://oidc-servizio1/6000","level":"info","service":"MS_ESERVIZIO1"}
{"message":"STARTED!!!","level":"info","service":"MS_ESERVIZIO1"}
{"message":"starting MS_ESERVIZIO1","level":"info","service":"MS_ESERVIZIO1"}
{"message":"service started on http://oidc-servizio1/6000","level":"info","service":"MS_ESERVIZIO1"}
{"message":"STARTED!!!","level":"info","service":"MS_ESERVIZIO1"}
{"message":"starting MS_ESERVIZIO1","level":"info","service":"MS_ESERVIZIO1"}
{"message":"service started on http://oidc-servizio1/6001","level":"info","service":"MS_ESERVIZIO1"}
{"message":"STARTED!!!","level":"info","service":"MS_ESERVIZIO1"}
{"message":"starting servizio1","level":"info","service":"servizio1"}
{"message":"starting servizio1","level":"info","service":"servizio1"}
{"message":"HTTPS server started at port 7100","level":"info","service":"servizio1"}
{"message":"HTTP server started at port 7000","level":"info","service":"servizio1"}
{"message":"starting servizio1","level":"info","service":"servizio1"}
{"message":"HTTPS server started at port 7100","level":"info","service":"servizio1"}
{"message":"HTTP server started at port 7000","level":"info","service":"servizio1"}
{"message":"service servizio1 started!","level":"info","service":"servizio1"}
{"message":"STARTED!!!","level":"info","service":"servizio1"}
{"message":"errore: la richiesta dovrebbe contenere l'header 'Authorization: Bearer <accessToken>'","level":"error","service":"servizio1"}
{"message":"errore: la richiesta dovrebbe contenere l'header 'Authorization: Bearer <accessToken>'","level":"error","service":"servizio1"}
{"message":"starting servizio1","level":"info","service":"servizio1"}
{"message":"HTTPS server started at port 7100","level":"info","service":"servizio1"}
{"message":"HTTP server started at port 7000","level":"info","service":"servizio1"}
{"message":"service servizio1 started!","level":"info","service":"servizio1"}
{"message":"STARTED!!!","level":"info","service":"servizio1"}
{"message":"errore: la richiesta dovrebbe contenere l'header 'Authorization: Bearer <accessToken>'","level":"error","service":"servizio1"}
{"message":"errore: la richiesta dovrebbe contenere l'header 'Authorization: Bearer <accessToken>'","level":"error","service":"servizio1"}
{"message":"errore: la richiesta dovrebbe contenere l'header 'Authorization: Bearer <accessToken>'","level":"error","service":"servizio1"}
{"message":"starting servizio1","level":"info","service":"servizio1"}
{"message":"HTTPS server started at port 7101","level":"info","service":"servizio1"}
{"message":"HTTP server started at port 7001","level":"info","service":"servizio1"}
{"message":"service servizio1 started!","level":"info","service":"servizio1"}
{"message":"STARTED!!!","level":"info","service":"servizio1"}
{"message":"starting servizio1","level":"info","service":"servizio1"}
{"message":"HTTPS server started at port 7102","level":"info","service":"servizio1"}
{"message":"HTTP server started at port 7002","level":"info","service":"servizio1"}
{"message":"service servizio1 started!","level":"info","service":"servizio1"}
{"message":"STARTED!!!","level":"info","service":"servizio1"}
{"message":"starting servizio1","level":"info","service":"servizio1"}
{"message":"HTTPS server started at port 7103","level":"info","service":"servizio1"}
{"message":"HTTP server started at port 7003","level":"info","service":"servizio1"}
{"message":"service servizio1 started!","level":"info","service":"servizio1"}
{"message":"STARTED!!!","level":"info","service":"servizio1"}
{"message":"starting servizio1","level":"info","service":"servizio1"}
{"message":"HTTPS server started at port 7100","level":"info","service":"servizio1"}
{"message":"HTTP server started at port 7000","level":"info","service":"servizio1"}
{"message":"service servizio1 started!","level":"info","service":"servizio1"}
{"message":"STARTED!!!","level":"info","service":"servizio1"}
{"message":"starting servizio1","level":"info","service":"servizio1"}
{"message":"HTTPS server started at port 7101","level":"info","service":"servizio1"}
{"message":"HTTP server started at port 7001","level":"info","service":"servizio1"}
{"message":"service servizio1 started!","level":"info","service":"servizio1"}
{"message":"STARTED!!!","level":"info","service":"servizio1"}
{"message":"errore: la richiesta dovrebbe contenere l'header 'Authorization: Bearer <accessToken>'","level":"error","service":"servizio1"}
{"message":"starting servizio1","level":"info","service":"servizio1"}
{"message":"HTTPS server started at port 7100","level":"info","service":"servizio1"}
{"message":"HTTP server started at port 7000","level":"info","service":"servizio1"}
{"message":"service servizio1 started!","level":"info","service":"servizio1"}
{"message":"STARTED!!!","level":"info","service":"servizio1"}
{"message":"starting servizio1","level":"info","service":"servizio1"}
{"message":"HTTPS server started at port 7100","level":"info","service":"servizio1"}
{"message":"HTTP server started at port 7000","level":"info","service":"servizio1"}
{"message":"service servizio1 started!","level":"info","service":"servizio1"}
{"message":"STARTED!!!","level":"info","service":"servizio1"}
{"message":"starting servizio1","level":"info","service":"servizio1"}
{"message":"HTTPS server started at port 7100","level":"info","service":"servizio1"}
{"message":"HTTP server started at port 7000","level":"info","service":"servizio1"}
{"message":"service servizio1 started!","level":"info","service":"servizio1"}
{"message":"STARTED!!!","level":"info","service":"servizio1"}
{"message":"starting servizio1","level":"info","service":"servizio1"}
{"message":"HTTPS server started at port 7102","level":"info","service":"servizio1"}
{"message":"HTTP server started at port 7002","level":"info","service":"servizio1"}
{"message":"service servizio1 started!","level":"info","service":"servizio1"}
{"message":"STARTED!!!","level":"info","service":"servizio1"}
{"message":"starting servizio1","level":"info","service":"servizio1"}
{"message":"HTTPS server started at port 7100","level":"info","service":"servizio1"}
{"message":"HTTP server started at port 7000","level":"info","service":"servizio1"}
{"message":"service servizio1 started!","level":"info","service":"servizio1"}
{"message":"STARTED!!!","level":"info","service":"servizio1"}
{"message":"starting servizio1","level":"info","service":"servizio1"}
{"message":"HTTPS server started at port 7100","level":"info","service":"servizio1"}
{"message":"HTTP server started at port 7000","level":"info","service":"servizio1"}
{"message":"service servizio1 started!","level":"info","service":"servizio1"}
{"message":"STARTED!!!","level":"info","service":"servizio1"}
{"message":"errore: la richiesta dovrebbe contenere l'header 'Authorization: Bearer <accessToken>'","level":"error","service":"servizio1"}
{"message":"starting servizio1","level":"info","service":"servizio1"}
{"message":"HTTPS server started at port 7100","level":"info","service":"servizio1"}
{"message":"HTTP server started at port 7000","level":"info","service":"servizio1"}
{"message":"service servizio1 started!","level":"info","service":"servizio1"}
{"message":"STARTED!!!","level":"info","service":"servizio1"}
{"message":"starting servizio1","level":"info","service":"servizio1"}
{"message":"HTTPS server started at port 7101","level":"info","service":"servizio1"}
{"message":"HTTP server started at port 7001","level":"info","service":"servizio1"}
{"message":"service servizio1 started!","level":"info","service":"servizio1"}
{"message":"STARTED!!!","level":"info","service":"servizio1"}
{"message":"starting servizio1","level":"info","service":"servizio1"}
{"message":"HTTPS server started at port 7102","level":"info","service":"servizio1"}
{"message":"HTTP server started at port 7002","level":"info","service":"servizio1"}
{"message":"service servizio1 started!","level":"info","service":"servizio1"}
{"message":"STARTED!!!","level":"info","service":"servizio1"}
{"message":"starting servizio1","level":"info","service":"servizio1"}
{"message":"HTTPS server started at port 7100","level":"info","service":"servizio1"}
{"message":"HTTP server started at port 7000","level":"info","service":"servizio1"}
{"message":"service servizio1 started!","level":"info","service":"servizio1"}
{"message":"STARTED!!!","level":"info","service":"servizio1"}
{"message":"starting servizio1","level":"info","service":"servizio1"}
{"message":"HTTPS server started at port 7101","level":"info","service":"servizio1"}
{"message":"HTTP server started at port 7001","level":"info","service":"servizio1"}
{"message":"service servizio1 started!","level":"info","service":"servizio1"}
{"message":"STARTED!!!","level":"info","service":"servizio1"}
{"message":"starting servizio1","level":"info","service":"servizio1"}
{"message":"HTTPS server started at port 7102","level":"info","service":"servizio1"}
{"message":"HTTP server started at port 7002","level":"info","service":"servizio1"}
{"message":"service servizio1 started!","level":"info","service":"servizio1"}
{"message":"STARTED!!!","level":"info","service":"servizio1"}
{"message":"starting servizio1","level":"info","service":"servizio1"}
{"message":"HTTPS server started at port 7100","level":"info","service":"servizio1"}
{"message":"HTTP server started at port 7000","level":"info","service":"servizio1"}
{"message":"service servizio1 started!","level":"info","service":"servizio1"}
{"message":"STARTED!!!","level":"info","service":"servizio1"}
{"message":"starting servizio1","level":"info","service":"servizio1"}
{"message":"HTTPS server started at port 7100","level":"info","service":"servizio1"}
{"message":"HTTP server started at port 7000","level":"info","service":"servizio1"}
{"message":"service servizio1 started!","level":"info","service":"servizio1"}
{"message":"STARTED!!!","level":"info","service":"servizio1"}
{"message":"errore: la richiesta dovrebbe contenere l'header 'Authorization: Bearer <accessToken>'","level":"error","service":"servizio1"}
{"message":"errore: la richiesta dovrebbe contenere l'header 'Authorization: Bearer <accessToken>'","level":"error","service":"servizio1"}
{"message":"errore: la richiesta dovrebbe contenere l'header 'Authorization: Bearer <accessToken>'","level":"error","service":"servizio1"}
{"message":"errore: la richiesta dovrebbe contenere l'header 'Authorization: Bearer <accessToken>'","level":"error","service":"servizio1"}
{"message":"errore: la richiesta dovrebbe contenere l'header 'Authorization: Bearer <accessToken>'","level":"error","service":"servizio1"}
{"message":"errore: la richiesta dovrebbe contenere l'header 'Authorization: Bearer <accessToken>'","level":"error","service":"servizio1"}
